<?xml version="1.0" encoding="UTF-8"?>
<!-- Generated by org.testng.reporters.JUnitXMLReporter -->
<testsuite ignored="0" hostname="YOGESWAR" failures="1" tests="2" name="chromeTest" time="5.327" errors="0" timestamp="2023-12-09T14:42:36 IST">
  <testcase classname="testBase.BasePage" name="open" time="0.78"/>
  <testcase classname="testCases.ProductCheckOutPage" name="productcheckout" time="0.218">
    <failure type="java.lang.NullPointerException" message="Cannot invoke &amp;quot;org.apache.logging.log4j.Logger.info(String)&amp;quot; because &amp;quot;this.logger&amp;quot; is null">
      <![CDATA[java.lang.NullPointerException: Cannot invoke "org.apache.logging.log4j.Logger.info(String)" because "this.logger" is null
at testCases.AccountLogin.accountLogin(AccountLogin.java:12)
at testCases.ProductCheckOutPage.productcheckout(ProductCheckOutPage.java:16)
at java.base/java.util.ArrayList.forEach(ArrayList.java:1511)
... Removed 29 stack frames]]>
    </failure>
  </testcase> <!-- productcheckout -->
</testsuite> <!-- chromeTest -->
