<?xml version="1.0" encoding="UTF-8"?>
<!-- Generated by org.testng.reporters.JUnitXMLReporter -->
<testsuite ignored="0" hostname="YOGESWAR" failures="0" tests="2" name="Test" time="0.009" errors="0" timestamp="2023-12-08T17:57:57 IST">
  <testcase classname="testBase.BasePage" name="open" time="0.0">
    <skipped/>
  </testcase> <!-- open -->
  <testcase classname="testCases.AccountLogin" name="accountLogin" time="0.0">
    <skipped/>
  </testcase> <!-- accountLogin -->
</testsuite> <!-- Test -->
